[debug] [2023-10-31T09:18:25.902Z] ----------------------------------------------------------------------
[debug] [2023-10-31T09:18:25.905Z] Command:       /usr/local/bin/node /usr/local/bin/firebase init
[debug] [2023-10-31T09:18:25.906Z] CLI Version:   12.7.0
[debug] [2023-10-31T09:18:25.906Z] Platform:      darwin
[debug] [2023-10-31T09:18:25.906Z] Node Version:  v20.9.0
[debug] [2023-10-31T09:18:25.906Z] Time:          Tue Oct 31 2023 10:18:25 GMT+0100 (Central European Standard Time)
[debug] [2023-10-31T09:18:25.907Z] ----------------------------------------------------------------------
[debug] 
[debug] [2023-10-31T09:18:25.912Z] > command requires scopes: ["email","openid","https://www.googleapis.com/auth/cloudplatformprojects.readonly","https://www.googleapis.com/auth/firebase","https://www.googleapis.com/auth/cloud-platform"]
[debug] [2023-10-31T09:18:25.912Z] > authorizing via signed-in user (djeschol@gmail.com)
[info] 
     ######## #### ########  ######## ########     ###     ######  ########
     ##        ##  ##     ## ##       ##     ##  ##   ##  ##       ##
     ######    ##  ########  ######   ########  #########  ######  ######
     ##        ##  ##    ##  ##       ##     ## ##     ##       ## ##
     ##       #### ##     ## ######## ########  ##     ##  ######  ########

You're about to initialize a Firebase project in this directory:

  /Users/davidschol/Development/Vite_1/vite-auth-firebase-hosting

[info] 
=== Project Setup
[info] 
[info] First, let's associate this project directory with a Firebase project.
[info] You can create multiple project aliases by running firebase use --add, 
[info] but for now we'll just set up a default project.
[info] 
[debug] [2023-10-31T09:20:12.626Z] >>> [apiv2][query] GET https://firebase.googleapis.com/v1beta1/projects pageSize=100
[debug] [2023-10-31T09:20:13.283Z] <<< [apiv2][status] GET https://firebase.googleapis.com/v1beta1/projects 200
[debug] [2023-10-31T09:20:13.284Z] <<< [apiv2][body] GET https://firebase.googleapis.com/v1beta1/projects [omitted]
[info] i  Using project vite-auth-2452d (vite-auth) 
[info] 
=== Hosting Setup
[info] 
[info] Your public directory is the folder (relative to your project directory) that
[info] will contain Hosting assets to be uploaded with firebase deploy. If you
[info] have a build process for your assets, use your build's output directory.
[info] 
[debug] [2023-10-31T09:25:49.634Z] >>> [apiv2][query] GET https://www.gstatic.com/firebasejs/releases.json [none]
[debug] [2023-10-31T09:25:49.950Z] <<< [apiv2][status] GET https://www.gstatic.com/firebasejs/releases.json 200
[debug] [2023-10-31T09:25:49.950Z] <<< [apiv2][body] GET https://www.gstatic.com/firebasejs/releases.json {"current":{"version":"10.5.2","browserURL":"https://www.gstatic.com/firebasejs/10.5.2/firebase.js","packageURL":"https://www.gstatic.com/firebasejs/10.5.2/firebase.tgz"},"live":{"version":"10.5","browserURL":"https://www.gstatic.com/firebasejs/live/10.5/firebase.js","packageURL":"https://www.gstatic.com/firebasejs/live/10.5/firebase.tgz"},"components":{"analytics":"https://www.gstatic.com/firebasejs/10.5.2/firebase-analytics.js","app":"https://www.gstatic.com/firebasejs/10.5.2/firebase-app.js","app-check":"https://www.gstatic.com/firebasejs/10.5.2/firebase-app-check.js","auth":"https://www.gstatic.com/firebasejs/10.5.2/firebase-auth.js","auth/cordova":"https://www.gstatic.com/firebasejs/10.5.2/firebase-auth/cordova.js","functions":"https://www.gstatic.com/firebasejs/10.5.2/firebase-functions.js","firestore":"https://www.gstatic.com/firebasejs/10.5.2/firebase-firestore.js","firestore/lite":"https://www.gstatic.com/firebasejs/10.5.2/firebase-firestore/lite.js","installations":"https://www.gstatic.com/firebasejs/10.5.2/firebase-installations.js","storage":"https://www.gstatic.com/firebasejs/10.5.2/firebase-storage.js","performance":"https://www.gstatic.com/firebasejs/10.5.2/firebase-performance.js","remote-config":"https://www.gstatic.com/firebasejs/10.5.2/firebase-remote-config.js","messaging":"https://www.gstatic.com/firebasejs/10.5.2/firebase-messaging.js","messaging/sw":"https://www.gstatic.com/firebasejs/10.5.2/firebase-messaging/sw.js","database":"https://www.gstatic.com/firebasejs/10.5.2/firebase-database.js","firestore.memory":"https://www.gstatic.com/firebasejs/10.5.2/firebase-firestore.memory.js"}}
[info] i  Skipping write of dist/index.html 
[info] 
[info] i  Didn't detect a .git folder. Assuming /Users/davidschol/Development/Vite_1/vite-auth-firebase-hosting is the project root. 
[info] i  Authorizing with GitHub to upload your service account to a GitHub repository's secrets store. 
[info] 
[info] Visit this URL on this device to log in:
[info] https://github.com/login/oauth/authorize?client_id=89cf50f02ac6aaed3484&state=257595872&redirect_uri=http%3A%2F%2Flocalhost%3A9005&scope=read%3Auser%20repo%20public_repo
[info] 
[info] Waiting for authentication...
[debug] [2023-10-31T09:26:09.491Z] >>> [apiv2][query] POST https://github.com/login/oauth/access_token [none]
[debug] [2023-10-31T09:26:09.491Z] >>> [apiv2][body] POST https://github.com/login/oauth/access_token [stream]
[debug] [2023-10-31T09:26:09.994Z] <<< [apiv2][status] POST https://github.com/login/oauth/access_token 200
[debug] [2023-10-31T09:26:09.994Z] <<< [apiv2][body] POST https://github.com/login/oauth/access_token {"access_token":"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","token_type":"bearer","scope":"read:user,repo"}
[debug] [2023-10-31T09:26:09.998Z] >>> [apiv2][query] GET https://api.github.com/user [none]
[debug] [2023-10-31T09:26:10.293Z] <<< [apiv2][status] GET https://api.github.com/user 200
[debug] [2023-10-31T09:26:10.293Z] <<< [apiv2][body] GET https://api.github.com/user {"login":"docentDavid","id":45031288,"node_id":"MDQ6VXNlcjQ1MDMxMjg4","avatar_url":"https://avatars.githubusercontent.com/u/45031288?v=4","gravatar_id":"","url":"https://api.github.com/users/docentDavid","html_url":"https://github.com/docentDavid","followers_url":"https://api.github.com/users/docentDavid/followers","following_url":"https://api.github.com/users/docentDavid/following{/other_user}","gists_url":"https://api.github.com/users/docentDavid/gists{/gist_id}","starred_url":"https://api.github.com/users/docentDavid/starred{/owner}{/repo}","subscriptions_url":"https://api.github.com/users/docentDavid/subscriptions","organizations_url":"https://api.github.com/users/docentDavid/orgs","repos_url":"https://api.github.com/users/docentDavid/repos","events_url":"https://api.github.com/users/docentDavid/events{/privacy}","received_events_url":"https://api.github.com/users/docentDavid/received_events","type":"User","site_admin":false,"name":"David Schol","company":"Fontys","blog":"","location":null,"email":"d.schol@fontys.nl","hireable":null,"bio":null,"twitter_username":null,"public_repos":9,"public_gists":0,"followers":0,"following":0,"created_at":"2018-11-14T08:51:02Z","updated_at":"2023-10-24T18:09:51Z","private_gists":0,"total_private_repos":1,"owned_private_repos":1,"disk_usage":486,"collaborators":0,"two_factor_authentication":false,"plan":{"name":"free","space":976562499,"collaborators":0,"private_repos":10000}}
[info] 
[info] ✔  Success! Logged into GitHub as docentDavid 
[info] 
